<?xml version="1.0" encoding="UTF-8"?>
<!-- Generated by org.testng.reporters.JUnitReportReporter -->
<testsuite hostname="DESKTOP-8FVIUIV" failures="0" tests="1" name="dgdox.practice5" time="10.492" errors="0" timestamp="2022-04-17T15:54:01 EDT" skipped="0">
  <testcase classname="dgdox.practice5" name="setup" time="10.492"/>
  <system-out/>
</testsuite> <!-- dgdox.practice5 -->
