<?xml version="1.0" encoding="UTF-8"?>
<!-- Generated by org.testng.reporters.JUnitReportReporter -->
<testsuite hostname="DESKTOP-8FVIUIV" failures="0" tests="2" name="dgdox.consigneeDetails" time="53.327" errors="0" timestamp="2022-02-05T21:05:22 EST" skipped="0">
  <testcase classname="dgdox.consigneeDetails" name="consignee" time="34.360"/>
  <system-out/>
  <testcase classname="dgdox.consigneeDetails" name="Details" time="18.967"/>
  <system-out/>
</testsuite> <!-- dgdox.consigneeDetails -->
