<?xml version="1.0" encoding="UTF-8"?>
<!-- Generated by org.testng.reporters.JUnitReportReporter -->
<testsuite hostname="DESKTOP-8FVIUIV" failures="0" tests="4" name="dgdox.TestcaseAddShipper_03" time="62.163" errors="0" timestamp="2022-02-21T19:48:16 EST" skipped="0">
  <testcase classname="dgdox.TestcaseAddShipper_03" name="addShippermode" time="4.874"/>
  <system-out/>
  <testcase classname="dgdox.TestcaseAddShipper_03" name="addShipperComp" time="6.592"/>
  <system-out/>
  <testcase classname="dgdox.TestcaseAddShipper_03" name="addConsignee" time="4.533"/>
  <system-out/>
  <testcase classname="dgdox.TestcaseAddShipper_03" name="AddShip" time="46.164"/>
  <system-out/>
</testsuite> <!-- dgdox.TestcaseAddShipper_03 -->
