<?xml version="1.0" encoding="UTF-8"?>
<!-- Generated by org.testng.reporters.JUnitReportReporter -->
<testsuite hostname="DESKTOP-8FVIUIV" failures="0" tests="2" name="dgdox.TestcaseMode_02" time="4.411" errors="0" timestamp="2022-02-07T17:24:01 EST" skipped="0">
  <testcase classname="dgdox.TestcaseMode_02" name="getMode" time="0.292"/>
  <system-out/>
  <testcase classname="dgdox.TestcaseMode_02" name="modeSelect" time="4.119"/>
  <system-out/>
</testsuite> <!-- dgdox.TestcaseMode_02 -->
