<?xml version="1.0" encoding="UTF-8"?>
<!-- Generated by org.testng.reporters.JUnitReportReporter -->
<testsuite hostname="DESKTOP-8FVIUIV" failures="0" tests="13" name="dgdox.conditional" time="441.967" errors="2" timestamp="2022-03-23T14:23:10 EDT" skipped="0">
  <testcase classname="dgdox.conditional" name="addShippermode" time="3.322"/>
  <system-out/>
  <testcase classname="dgdox.conditional" name="AddShipment" time="0.323"/>
  <system-out/>
  <testcase classname="dgdox.conditional" name="AddConsignee" time="0.857"/>
  <system-out/>
  <testcase classname="dgdox.conditional" name="AddShip" time="53.564"/>
  <system-out/>
  <testcase classname="dgdox.conditional" name="AddShip" time="4.116">
    <error message="element click intercepted: Element &lt;a href=&quot;javascript:void(0);&quot; class=&quot;addShipment&quot; onclick=&quot;addShipmentPopUp(&#039;add&#039;,&#039;&#039;,&#039;&#039;,&#039;&#039;)&quot;&gt;...&lt;/a&gt; is not clickable at point (764, 452). Other element would receive the click: &lt;div class=&quot;bootbox modal fade confirm-popup in&quot; tabindex=&quot;-1&quot; role=&quot;dialog&quot; aria-hidden=&quot;false&quot; style=&quot;display: block;&quot;&gt;...&lt;/div&gt;
  (Session info: MicrosoftEdge=99.0.1150.46)
Build info: version: &#039;4.1.1&#039;, revision: &#039;e8fcc2cecf&#039;
System info: host: &#039;DESKTOP-8FVIUIV&#039;, ip: &#039;192.168.2.20&#039;, os.name: &#039;Windows 10&#039;, os.arch: &#039;amd64&#039;, os.version: &#039;10.0&#039;, java.version: &#039;17&#039;
Driver info: org.openqa.selenium.edge.EdgeDriver
Command: [3700544ec062cec11e4e45b38025a33a, clickElement {id=442524ca-50d2-4bb7-ae33-e85154951dee}]
Capabilities {acceptInsecureCerts: false, browserName: msedge, browserVersion: 99.0.1150.46, javascriptEnabled: true, ms:edgeOptions: {debuggerAddress: localhost:52051}, msedge: {msedgedriverVersion: 99.0.1150.46 (a1c1ea0216022..., userDataDir: C:\Users\bewit\AppData\Loca...}, networkConnectionEnabled: false, pageLoadStrategy: normal, platform: WINDOWS, platformName: WINDOWS, proxy: Proxy(), se:cdp: ws://localhost:52051/devtoo..., se:cdpVersion: 99.0.1150.46, setWindowRect: true, strictFileInteractability: false, timeouts: {implicit: 0, pageLoad: 300000, script: 30000}, unhandledPromptBehavior: dismiss and notify, webauthn:extension:credBlob: true, webauthn:extension:largeBlob: true, webauthn:virtualAuthenticators: true}
Element: [[EdgeDriver: msedge on WINDOWS (3700544ec062cec11e4e45b38025a33a)] -&gt; class: addShipment]
Session ID: 3700544ec062cec11e4e45b38025a33a" type="org.openqa.selenium.ElementClickInterceptedException">
      <![CDATA[org.openqa.selenium.ElementClickInterceptedException: element click intercepted: Element <a href="javascript:void(0);" class="addShipment" onclick="addShipmentPopUp('add','','','')">...</a> is not clickable at point (764, 452). Other element would receive the click: <div class="bootbox modal fade confirm-popup in" tabindex="-1" role="dialog" aria-hidden="false" style="display: block;">...</div>
  (Session info: MicrosoftEdge=99.0.1150.46)
Build info: version: '4.1.1', revision: 'e8fcc2cecf'
System info: host: 'DESKTOP-8FVIUIV', ip: '192.168.2.20', os.name: 'Windows 10', os.arch: 'amd64', os.version: '10.0', java.version: '17'
Driver info: org.openqa.selenium.edge.EdgeDriver
Command: [3700544ec062cec11e4e45b38025a33a, clickElement {id=442524ca-50d2-4bb7-ae33-e85154951dee}]
Capabilities {acceptInsecureCerts: false, browserName: msedge, browserVersion: 99.0.1150.46, javascriptEnabled: true, ms:edgeOptions: {debuggerAddress: localhost:52051}, msedge: {msedgedriverVersion: 99.0.1150.46 (a1c1ea0216022..., userDataDir: C:\Users\bewit\AppData\Loca...}, networkConnectionEnabled: false, pageLoadStrategy: normal, platform: WINDOWS, platformName: WINDOWS, proxy: Proxy(), se:cdp: ws://localhost:52051/devtoo..., se:cdpVersion: 99.0.1150.46, setWindowRect: true, strictFileInteractability: false, timeouts: {implicit: 0, pageLoad: 300000, script: 30000}, unhandledPromptBehavior: dismiss and notify, webauthn:extension:credBlob: true, webauthn:extension:largeBlob: true, webauthn:virtualAuthenticators: true}
Element: [[EdgeDriver: msedge on WINDOWS (3700544ec062cec11e4e45b38025a33a)] -> class: addShipment]
Session ID: 3700544ec062cec11e4e45b38025a33a
at java.base/jdk.internal.reflect.NativeConstructorAccessorImpl.newInstance0(Native Method)
at java.base/jdk.internal.reflect.NativeConstructorAccessorImpl.newInstance(NativeConstructorAccessorImpl.java:77)
at java.base/jdk.internal.reflect.DelegatingConstructorAccessorImpl.newInstance(DelegatingConstructorAccessorImpl.java:45)
at java.base/java.lang.reflect.Constructor.newInstanceWithCaller(Constructor.java:499)
at java.base/java.lang.reflect.Constructor.newInstance(Constructor.java:480)
at org.openqa.selenium.remote.codec.w3c.W3CHttpResponseCodec.createException(W3CHttpResponseCodec.java:200)
at org.openqa.selenium.remote.codec.w3c.W3CHttpResponseCodec.decode(W3CHttpResponseCodec.java:133)
at org.openqa.selenium.remote.codec.w3c.W3CHttpResponseCodec.decode(W3CHttpResponseCodec.java:53)
at org.openqa.selenium.remote.HttpCommandExecutor.execute(HttpCommandExecutor.java:184)
at org.openqa.selenium.remote.service.DriverCommandExecutor.invokeExecute(DriverCommandExecutor.java:167)
at org.openqa.selenium.remote.service.DriverCommandExecutor.execute(DriverCommandExecutor.java:142)
at org.openqa.selenium.remote.RemoteWebDriver.execute(RemoteWebDriver.java:543)
at org.openqa.selenium.remote.RemoteWebElement.execute(RemoteWebElement.java:251)
at org.openqa.selenium.remote.RemoteWebElement.click(RemoteWebElement.java:77)
at jdk.internal.reflect.GeneratedMethodAccessor6.invoke(Unknown Source)
at java.base/jdk.internal.reflect.DelegatingMethodAccessorImpl.invoke(DelegatingMethodAccessorImpl.java:43)
at java.base/java.lang.reflect.Method.invoke(Method.java:568)
at org.openqa.selenium.support.pagefactory.internal.LocatingElementHandler.invoke(LocatingElementHandler.java:52)
at jdk.proxy2/jdk.proxy2.$Proxy18.click(Unknown Source)
at dgdox.conditional.AddShip(conditional.java:151)
at java.base/jdk.internal.reflect.NativeMethodAccessorImpl.invoke0(Native Method)
at java.base/jdk.internal.reflect.NativeMethodAccessorImpl.invoke(NativeMethodAccessorImpl.java:77)
at java.base/jdk.internal.reflect.DelegatingMethodAccessorImpl.invoke(DelegatingMethodAccessorImpl.java:43)
at java.base/java.lang.reflect.Method.invoke(Method.java:568)
at org.testng.internal.MethodInvocationHelper.invokeMethod(MethodInvocationHelper.java:133)
at org.testng.internal.TestInvoker.invokeMethod(TestInvoker.java:598)
at org.testng.internal.TestInvoker.invokeTestMethod(TestInvoker.java:173)
at org.testng.internal.MethodRunner.runInSequence(MethodRunner.java:46)
at org.testng.internal.TestInvoker$MethodInvocationAgent.invoke(TestInvoker.java:824)
at org.testng.internal.TestInvoker.invokeTestMethods(TestInvoker.java:146)
at org.testng.internal.TestMethodWorker.invokeTestMethods(TestMethodWorker.java:146)
at org.testng.internal.TestMethodWorker.run(TestMethodWorker.java:128)
at java.base/java.util.ArrayList.forEach(ArrayList.java:1511)
at org.testng.TestRunner.privateRun(TestRunner.java:794)
at org.testng.TestRunner.run(TestRunner.java:596)
at org.testng.SuiteRunner.runTest(SuiteRunner.java:377)
at org.testng.SuiteRunner.runSequentially(SuiteRunner.java:371)
at org.testng.SuiteRunner.privateRun(SuiteRunner.java:332)
at org.testng.SuiteRunner.run(SuiteRunner.java:276)
at org.testng.SuiteRunnerWorker.runSuite(SuiteRunnerWorker.java:53)
at org.testng.SuiteRunnerWorker.run(SuiteRunnerWorker.java:96)
at org.testng.TestNG.runSuitesSequentially(TestNG.java:1212)
at org.testng.TestNG.runSuitesLocally(TestNG.java:1134)
at org.testng.TestNG.runSuites(TestNG.java:1063)
at org.testng.TestNG.run(TestNG.java:1031)
at org.testng.remote.AbstractRemoteTestNG.run(AbstractRemoteTestNG.java:115)
at org.testng.remote.RemoteTestNG.initAndRun(RemoteTestNG.java:251)
at org.testng.remote.RemoteTestNG.main(RemoteTestNG.java:77)
]]>
    </error>
  </testcase> <!-- AddShip -->
  <system-out/>
  <testcase classname="dgdox.conditional" name="AddShip" time="53.253"/>
  <system-out/>
  <testcase classname="dgdox.conditional" name="AddShip" time="53.554"/>
  <system-out/>
  <testcase classname="dgdox.conditional" name="AddShip" time="54.407"/>
  <system-out/>
  <testcase classname="dgdox.conditional" name="AddShip" time="53.220"/>
  <system-out/>
  <testcase classname="dgdox.conditional" name="AddShip" time="54.719"/>
  <system-out/>
  <testcase classname="dgdox.conditional" name="AddShip" time="4.104">
    <error message="element click intercepted: Element &lt;a href=&quot;javascript:void(0);&quot; class=&quot;addShipment&quot; onclick=&quot;addShipmentPopUp(&#039;add&#039;,&#039;&#039;,&#039;&#039;,&#039;&#039;)&quot;&gt;...&lt;/a&gt; is not clickable at point (764, 452). Other element would receive the click: &lt;div class=&quot;bootbox modal fade confirm-popup in&quot; tabindex=&quot;-1&quot; role=&quot;dialog&quot; aria-hidden=&quot;false&quot; style=&quot;display: block;&quot;&gt;...&lt;/div&gt;
  (Session info: MicrosoftEdge=99.0.1150.46)
Build info: version: &#039;4.1.1&#039;, revision: &#039;e8fcc2cecf&#039;
System info: host: &#039;DESKTOP-8FVIUIV&#039;, ip: &#039;192.168.2.20&#039;, os.name: &#039;Windows 10&#039;, os.arch: &#039;amd64&#039;, os.version: &#039;10.0&#039;, java.version: &#039;17&#039;
Driver info: org.openqa.selenium.edge.EdgeDriver
Command: [3700544ec062cec11e4e45b38025a33a, clickElement {id=442524ca-50d2-4bb7-ae33-e85154951dee}]
Capabilities {acceptInsecureCerts: false, browserName: msedge, browserVersion: 99.0.1150.46, javascriptEnabled: true, ms:edgeOptions: {debuggerAddress: localhost:52051}, msedge: {msedgedriverVersion: 99.0.1150.46 (a1c1ea0216022..., userDataDir: C:\Users\bewit\AppData\Loca...}, networkConnectionEnabled: false, pageLoadStrategy: normal, platform: WINDOWS, platformName: WINDOWS, proxy: Proxy(), se:cdp: ws://localhost:52051/devtoo..., se:cdpVersion: 99.0.1150.46, setWindowRect: true, strictFileInteractability: false, timeouts: {implicit: 0, pageLoad: 300000, script: 30000}, unhandledPromptBehavior: dismiss and notify, webauthn:extension:credBlob: true, webauthn:extension:largeBlob: true, webauthn:virtualAuthenticators: true}
Element: [[EdgeDriver: msedge on WINDOWS (3700544ec062cec11e4e45b38025a33a)] -&gt; class: addShipment]
Session ID: 3700544ec062cec11e4e45b38025a33a" type="org.openqa.selenium.ElementClickInterceptedException">
      <![CDATA[org.openqa.selenium.ElementClickInterceptedException: element click intercepted: Element <a href="javascript:void(0);" class="addShipment" onclick="addShipmentPopUp('add','','','')">...</a> is not clickable at point (764, 452). Other element would receive the click: <div class="bootbox modal fade confirm-popup in" tabindex="-1" role="dialog" aria-hidden="false" style="display: block;">...</div>
  (Session info: MicrosoftEdge=99.0.1150.46)
Build info: version: '4.1.1', revision: 'e8fcc2cecf'
System info: host: 'DESKTOP-8FVIUIV', ip: '192.168.2.20', os.name: 'Windows 10', os.arch: 'amd64', os.version: '10.0', java.version: '17'
Driver info: org.openqa.selenium.edge.EdgeDriver
Command: [3700544ec062cec11e4e45b38025a33a, clickElement {id=442524ca-50d2-4bb7-ae33-e85154951dee}]
Capabilities {acceptInsecureCerts: false, browserName: msedge, browserVersion: 99.0.1150.46, javascriptEnabled: true, ms:edgeOptions: {debuggerAddress: localhost:52051}, msedge: {msedgedriverVersion: 99.0.1150.46 (a1c1ea0216022..., userDataDir: C:\Users\bewit\AppData\Loca...}, networkConnectionEnabled: false, pageLoadStrategy: normal, platform: WINDOWS, platformName: WINDOWS, proxy: Proxy(), se:cdp: ws://localhost:52051/devtoo..., se:cdpVersion: 99.0.1150.46, setWindowRect: true, strictFileInteractability: false, timeouts: {implicit: 0, pageLoad: 300000, script: 30000}, unhandledPromptBehavior: dismiss and notify, webauthn:extension:credBlob: true, webauthn:extension:largeBlob: true, webauthn:virtualAuthenticators: true}
Element: [[EdgeDriver: msedge on WINDOWS (3700544ec062cec11e4e45b38025a33a)] -> class: addShipment]
Session ID: 3700544ec062cec11e4e45b38025a33a
at java.base/jdk.internal.reflect.NativeConstructorAccessorImpl.newInstance0(Native Method)
at java.base/jdk.internal.reflect.NativeConstructorAccessorImpl.newInstance(NativeConstructorAccessorImpl.java:77)
at java.base/jdk.internal.reflect.DelegatingConstructorAccessorImpl.newInstance(DelegatingConstructorAccessorImpl.java:45)
at java.base/java.lang.reflect.Constructor.newInstanceWithCaller(Constructor.java:499)
at java.base/java.lang.reflect.Constructor.newInstance(Constructor.java:480)
at org.openqa.selenium.remote.codec.w3c.W3CHttpResponseCodec.createException(W3CHttpResponseCodec.java:200)
at org.openqa.selenium.remote.codec.w3c.W3CHttpResponseCodec.decode(W3CHttpResponseCodec.java:133)
at org.openqa.selenium.remote.codec.w3c.W3CHttpResponseCodec.decode(W3CHttpResponseCodec.java:53)
at org.openqa.selenium.remote.HttpCommandExecutor.execute(HttpCommandExecutor.java:184)
at org.openqa.selenium.remote.service.DriverCommandExecutor.invokeExecute(DriverCommandExecutor.java:167)
at org.openqa.selenium.remote.service.DriverCommandExecutor.execute(DriverCommandExecutor.java:142)
at org.openqa.selenium.remote.RemoteWebDriver.execute(RemoteWebDriver.java:543)
at org.openqa.selenium.remote.RemoteWebElement.execute(RemoteWebElement.java:251)
at org.openqa.selenium.remote.RemoteWebElement.click(RemoteWebElement.java:77)
at jdk.internal.reflect.GeneratedMethodAccessor6.invoke(Unknown Source)
at java.base/jdk.internal.reflect.DelegatingMethodAccessorImpl.invoke(DelegatingMethodAccessorImpl.java:43)
at java.base/java.lang.reflect.Method.invoke(Method.java:568)
at org.openqa.selenium.support.pagefactory.internal.LocatingElementHandler.invoke(LocatingElementHandler.java:52)
at jdk.proxy2/jdk.proxy2.$Proxy18.click(Unknown Source)
at dgdox.conditional.AddShip(conditional.java:151)
at java.base/jdk.internal.reflect.NativeMethodAccessorImpl.invoke0(Native Method)
at java.base/jdk.internal.reflect.NativeMethodAccessorImpl.invoke(NativeMethodAccessorImpl.java:77)
at java.base/jdk.internal.reflect.DelegatingMethodAccessorImpl.invoke(DelegatingMethodAccessorImpl.java:43)
at java.base/java.lang.reflect.Method.invoke(Method.java:568)
at org.testng.internal.MethodInvocationHelper.invokeMethod(MethodInvocationHelper.java:133)
at org.testng.internal.TestInvoker.invokeMethod(TestInvoker.java:598)
at org.testng.internal.TestInvoker.invokeTestMethod(TestInvoker.java:173)
at org.testng.internal.MethodRunner.runInSequence(MethodRunner.java:46)
at org.testng.internal.TestInvoker$MethodInvocationAgent.invoke(TestInvoker.java:824)
at org.testng.internal.TestInvoker.invokeTestMethods(TestInvoker.java:146)
at org.testng.internal.TestMethodWorker.invokeTestMethods(TestMethodWorker.java:146)
at org.testng.internal.TestMethodWorker.run(TestMethodWorker.java:128)
at java.base/java.util.ArrayList.forEach(ArrayList.java:1511)
at org.testng.TestRunner.privateRun(TestRunner.java:794)
at org.testng.TestRunner.run(TestRunner.java:596)
at org.testng.SuiteRunner.runTest(SuiteRunner.java:377)
at org.testng.SuiteRunner.runSequentially(SuiteRunner.java:371)
at org.testng.SuiteRunner.privateRun(SuiteRunner.java:332)
at org.testng.SuiteRunner.run(SuiteRunner.java:276)
at org.testng.SuiteRunnerWorker.runSuite(SuiteRunnerWorker.java:53)
at org.testng.SuiteRunnerWorker.run(SuiteRunnerWorker.java:96)
at org.testng.TestNG.runSuitesSequentially(TestNG.java:1212)
at org.testng.TestNG.runSuitesLocally(TestNG.java:1134)
at org.testng.TestNG.runSuites(TestNG.java:1063)
at org.testng.TestNG.run(TestNG.java:1031)
at org.testng.remote.AbstractRemoteTestNG.run(AbstractRemoteTestNG.java:115)
at org.testng.remote.RemoteTestNG.initAndRun(RemoteTestNG.java:251)
at org.testng.remote.RemoteTestNG.main(RemoteTestNG.java:77)
]]>
    </error>
  </testcase> <!-- AddShip -->
  <system-out/>
  <testcase classname="dgdox.conditional" name="AddShip" time="53.143"/>
  <system-out/>
  <testcase classname="dgdox.conditional" name="AddShip" time="53.385"/>
  <system-out/>
</testsuite> <!-- dgdox.conditional -->
