<?xml version="1.0" encoding="UTF-8"?>
<!-- Generated by org.testng.reporters.JUnitReportReporter -->
<testsuite hostname="DESKTOP-8FVIUIV" failures="0" tests="5" name="dgdox.DGTest" time="64.987" errors="0" timestamp="22 Feb 2022 02:11:15 GMT">
  <testcase classname="dgdox.DGTest" name="addConsignee" time="5.440"/>
  <testcase classname="dgdox.DGTest" name="AddShipment" time="48.120"/>
  <testcase classname="dgdox.DGTest" name="addShiper" time="7.399"/>
  <testcase classname="dgdox.DGTest" name="mode" time="1.133"/>
  <testcase classname="dgdox.DGTest" name="Login" time="2.895"/>
</testsuite> <!-- dgdox.DGTest -->
